0it [00:00, ?it/s]1it [01:25, 85.93s/it]2it [02:01, 56.34s/it]3it [02:47, 51.47s/it]4it [03:10, 40.40s/it]5it [03:37, 35.55s/it]6it [04:20, 37.97s/it]7it [04:41, 32.34s/it]8it [05:12, 31.92s/it]9it [06:38, 49.08s/it]10it [07:46, 54.93s/it]10it [07:46, 46.69s/it]
got summary, now updating document
got summary, now updating document
got summary, now updating document
got summary, now updating document
got summary, now updating document
got summary, now updating document
got summary, now updating document
got summary, now updating document
got summary, now updating document
got summary, now updating document
0it [00:00, ?it/s]1it [00:51, 51.04s/it]2it [01:53, 58.02s/it]3it [02:13, 40.65s/it]4it [02:37, 34.08s/it]5it [03:37, 43.10s/it]6it [05:00, 56.68s/it]7it [05:59, 57.48s/it]8it [06:40, 52.48s/it]9it [07:01, 42.54s/it]10it [07:36, 40.16s/it]10it [07:36, 45.65s/it]
got summary, now updating document
got summary, now updating document
got summary, now updating document
got summary, now updating document
got summary, now updating document
got summary, now updating document
got summary, now updating document
got summary, now updating document
got summary, now updating document
got summary, now updating document
0it [00:00, ?it/s]1it [00:20, 20.66s/it]2it [01:38, 54.15s/it]3it [02:50, 62.50s/it]4it [03:20, 49.55s/it]5it [04:04, 47.61s/it]6it [04:29, 39.99s/it]7it [05:58, 56.08s/it]8it [07:37, 69.60s/it]9it [08:14, 59.29s/it]10it [09:33, 65.64s/it]10it [09:33, 57.40s/it]
got summary, now updating document
got summary, now updating document
got summary, now updating document
got summary, now updating document
got summary, now updating document
got summary, now updating document
got summary, now updating document
got summary, now updating document
got summary, now updating document
got summary, now updating document
0it [00:00, ?it/s]1it [01:41, 101.75s/it]2it [02:18, 63.44s/it] 3it [03:45, 74.33s/it]4it [05:03, 75.56s/it]5it [05:28, 57.31s/it]6it [06:01, 49.27s/it]7it [06:40, 45.84s/it]8it [07:47, 52.63s/it]9it [08:20, 46.54s/it]10it [09:01, 44.85s/it]10it [09:01, 54.19s/it]
got summary, now updating document
got summary, now updating document
got summary, now updating document
got summary, now updating document
got summary, now updating document
got summary, now updating document
got summary, now updating document
got summary, now updating document
got summary, now updating document
got summary, now updating document
0it [00:00, ?it/s]1it [02:34, 154.72s/it]2it [03:42, 103.30s/it]3it [05:30, 105.58s/it]4it [06:47, 94.42s/it] 5it [07:41, 79.96s/it]6it [08:50, 75.98s/it]7it [09:47, 69.92s/it]8it [10:08, 54.26s/it]9it [11:31, 63.16s/it]10it [13:10, 74.35s/it]10it [13:10, 79.05s/it]
got summary, now updating document
got summary, now updating document
got summary, now updating document
got summary, now updating document
got summary, now updating document
got summary, now updating document
got summary, now updating document
got summary, now updating document
got summary, now updating document
got summary, now updating document
0it [00:00, ?it/s]1it [00:31, 31.62s/it]2it [01:11, 36.46s/it]3it [01:46, 35.76s/it]4it [03:32, 63.69s/it]5it [04:29, 61.01s/it]6it [05:46, 66.59s/it]7it [06:28, 58.51s/it]8it [07:22, 57.22s/it]9it [09:54, 86.75s/it]10it [11:24, 87.74s/it]10it [11:24, 68.46s/it]
got summary, now updating document
got summary, now updating document
got summary, now updating document
got summary, now updating document
got summary, now updating document
got summary, now updating document
got summary, now updating document
got summary, now updating document
got summary, now updating document
got summary, now updating document
0it [00:00, ?it/s]1it [00:25, 25.25s/it]2it [01:16, 40.28s/it]3it [02:04, 43.99s/it]4it [02:54, 46.32s/it]5it [03:44, 47.69s/it]6it [04:29, 46.78s/it]7it [05:44, 56.01s/it]8it [06:39, 55.53s/it]9it [07:06, 46.64s/it]10it [08:20, 55.07s/it]10it [08:20, 50.00s/it]
got summary, now updating document
got summary, now updating document
got summary, now updating document
got summary, now updating document
got summary, now updating document
got summary, now updating document
got summary, now updating document
got summary, now updating document
got summary, now updating document
got summary, now updating document
0it [00:00, ?it/s]1it [01:28, 88.01s/it]2it [03:12, 97.48s/it]3it [04:51, 98.23s/it]4it [06:41, 103.15s/it]5it [07:38, 86.24s/it] 6it [08:19, 70.83s/it]7it [10:10, 84.15s/it]8it [11:33, 83.83s/it]9it [12:04, 67.07s/it]10it [12:49, 60.40s/it]10it [12:49, 76.95s/it]
got summary, now updating document
got summary, now updating document
got summary, now updating document
got summary, now updating document
got summary, now updating document
got summary, now updating document
got summary, now updating document
got summary, now updating document
got summary, now updating document
got summary, now updating document
0it [00:00, ?it/s]1it [01:35, 95.39s/it]2it [03:15, 97.94s/it]3it [04:56, 99.67s/it]4it [05:35, 75.43s/it]5it [06:51, 75.71s/it]6it [07:43, 67.68s/it]7it [08:45, 65.79s/it]8it [09:46, 64.34s/it]9it [11:42, 80.36s/it]10it [12:42, 74.09s/it]10it [12:42, 76.22s/it]
got summary, now updating document
got summary, now updating document
got summary, now updating document
got summary, now updating document
got summary, now updating document
got summary, now updating document
got summary, now updating document
got summary, now updating document
got summary, now updating document
got summary, now updating document
0it [00:00, ?it/s]1it [00:42, 42.68s/it]2it [02:36, 84.46s/it]3it [03:28, 69.61s/it]4it [04:42, 71.40s/it]5it [05:36, 64.97s/it]6it [06:13, 55.71s/it]7it [07:08, 55.47s/it]8it [08:48, 69.65s/it]9it [10:13, 74.43s/it]10it [10:51, 63.15s/it]10it [10:51, 65.16s/it]
got summary, now updating document
got summary, now updating document
got summary, now updating document
got summary, now updating document
got summary, now updating document
got summary, now updating document
got summary, now updating document
got summary, now updating document
got summary, now updating document
got summary, now updating document
Traceback (most recent call last):
  File "/home/ec2-user/.local/lib/python3.9/site-packages/instagrapi/mixins/private.py", line 360, in _send_private_request
    response.raise_for_status()
  File "/home/ec2-user/.local/lib/python3.9/site-packages/requests/models.py", line 1021, in raise_for_status
    raise HTTPError(http_error_msg, response=self)
requests.exceptions.HTTPError: 400 Client Error: Bad Request for url: https://i.instagram.com/api/v1/feed/reels_tray/

During handling of the above exception, another exception occurred:

Traceback (most recent call last):
  File "/home/ec2-user/.local/lib/python3.9/site-packages/instagrapi/mixins/private.py", line 527, in private_request
    self._send_private_request(endpoint, **kwargs)
  File "/home/ec2-user/.local/lib/python3.9/site-packages/instagrapi/mixins/private.py", line 393, in _send_private_request
    raise ChallengeRequired(**last_json)
instagrapi.exceptions.ChallengeRequired: challenge_required

During handling of the above exception, another exception occurred:

Traceback (most recent call last):
  File "/home/ec2-user/.local/lib/python3.9/site-packages/instagrapi/mixins/private.py", line 360, in _send_private_request
    response.raise_for_status()
  File "/home/ec2-user/.local/lib/python3.9/site-packages/requests/models.py", line 1021, in raise_for_status
    raise HTTPError(http_error_msg, response=self)
requests.exceptions.HTTPError: 400 Client Error: Bad Request for url: https://i.instagram.com/api/v1/feed/reels_tray/

During handling of the above exception, another exception occurred:

Traceback (most recent call last):
  File "/home/ec2-user/autojobs/gap_fix_summaries.py", line 67, in <module>
    cl.login("jama_banks", "Chasemason22!")
  File "/home/ec2-user/.local/lib/python3.9/site-packages/instagrapi/mixins/auth.py", line 472, in login
    self.login_flow()
  File "/home/ec2-user/.local/lib/python3.9/site-packages/instagrapi/mixins/auth.py", line 186, in login_flow
    check_flow.append(self.get_reels_tray_feed("cold_start"))
  File "/home/ec2-user/.local/lib/python3.9/site-packages/instagrapi/mixins/auth.py", line 277, in get_reels_tray_feed
    return self.private_request("feed/reels_tray/", data)
  File "/home/ec2-user/.local/lib/python3.9/site-packages/instagrapi/mixins/private.py", line 546, in private_request
    return self._send_private_request(endpoint, **kwargs)
  File "/home/ec2-user/.local/lib/python3.9/site-packages/instagrapi/mixins/private.py", line 393, in _send_private_request
    raise ChallengeRequired(**last_json)
instagrapi.exceptions.ChallengeRequired: challenge_required
Traceback (most recent call last):
  File "/home/ec2-user/.local/lib/python3.9/site-packages/instagrapi/mixins/private.py", line 360, in _send_private_request
    response.raise_for_status()
  File "/home/ec2-user/.local/lib/python3.9/site-packages/requests/models.py", line 1021, in raise_for_status
    raise HTTPError(http_error_msg, response=self)
requests.exceptions.HTTPError: 400 Client Error: Bad Request for url: https://i.instagram.com/api/v1/feed/reels_tray/

During handling of the above exception, another exception occurred:

Traceback (most recent call last):
  File "/home/ec2-user/.local/lib/python3.9/site-packages/instagrapi/mixins/private.py", line 527, in private_request
    self._send_private_request(endpoint, **kwargs)
  File "/home/ec2-user/.local/lib/python3.9/site-packages/instagrapi/mixins/private.py", line 393, in _send_private_request
    raise ChallengeRequired(**last_json)
instagrapi.exceptions.ChallengeRequired: challenge_required

During handling of the above exception, another exception occurred:

Traceback (most recent call last):
  File "/home/ec2-user/.local/lib/python3.9/site-packages/instagrapi/mixins/private.py", line 360, in _send_private_request
    response.raise_for_status()
  File "/home/ec2-user/.local/lib/python3.9/site-packages/requests/models.py", line 1021, in raise_for_status
    raise HTTPError(http_error_msg, response=self)
requests.exceptions.HTTPError: 400 Client Error: Bad Request for url: https://i.instagram.com/api/v1/feed/reels_tray/

During handling of the above exception, another exception occurred:

Traceback (most recent call last):
  File "/home/ec2-user/autojobs/gap_fix_summaries.py", line 67, in <module>
    cl.login("jama_banks", "Chasemason22!")
  File "/home/ec2-user/.local/lib/python3.9/site-packages/instagrapi/mixins/auth.py", line 472, in login
    self.login_flow()
  File "/home/ec2-user/.local/lib/python3.9/site-packages/instagrapi/mixins/auth.py", line 186, in login_flow
    check_flow.append(self.get_reels_tray_feed("cold_start"))
  File "/home/ec2-user/.local/lib/python3.9/site-packages/instagrapi/mixins/auth.py", line 277, in get_reels_tray_feed
    return self.private_request("feed/reels_tray/", data)
  File "/home/ec2-user/.local/lib/python3.9/site-packages/instagrapi/mixins/private.py", line 546, in private_request
    return self._send_private_request(endpoint, **kwargs)
  File "/home/ec2-user/.local/lib/python3.9/site-packages/instagrapi/mixins/private.py", line 393, in _send_private_request
    raise ChallengeRequired(**last_json)
instagrapi.exceptions.ChallengeRequired: challenge_required
0it [00:00, ?it/s]1it [00:38, 38.98s/it]2it [01:48, 56.81s/it]3it [03:23, 74.30s/it]4it [03:53, 56.77s/it]5it [05:15, 65.99s/it]6it [06:59, 78.83s/it]7it [07:51, 70.20s/it]8it [09:33, 80.34s/it]9it [11:12, 85.93s/it]10it [12:13, 78.51s/it]10it [12:13, 73.40s/it]
got summary, now updating document
got summary, now updating document
got summary, now updating document
got summary, now updating document
got summary, now updating document
got summary, now updating document
got summary, now updating document
got summary, now updating document
got summary, now updating document
got summary, now updating document
0it [00:00, ?it/s]1it [00:40, 40.41s/it]2it [02:25, 78.65s/it]3it [03:42, 77.95s/it]4it [04:23, 63.07s/it]5it [05:09, 57.14s/it]6it [05:51, 51.94s/it]7it [06:37, 49.89s/it]7it [06:37, 56.76s/it]
got summary, now updating document
got summary, now updating document
got summary, now updating document
got summary, now updating document
got summary, now updating document
got summary, now updating document
got summary, now updating document
0it [00:00, ?it/s]0it [00:00, ?it/s]
0it [00:00, ?it/s]0it [00:00, ?it/s]
0it [00:00, ?it/s]0it [00:00, ?it/s]
0it [00:00, ?it/s]0it [00:00, ?it/s]
0it [00:00, ?it/s]0it [00:00, ?it/s]
0it [00:00, ?it/s]0it [00:00, ?it/s]
0it [00:00, ?it/s]0it [00:00, ?it/s]
0it [00:00, ?it/s]0it [00:00, ?it/s]
0it [00:00, ?it/s]0it [00:00, ?it/s]
0it [00:00, ?it/s]0it [00:00, ?it/s]
0it [00:00, ?it/s]0it [00:00, ?it/s]
0it [00:00, ?it/s]0it [00:00, ?it/s]
0it [00:00, ?it/s]0it [00:00, ?it/s]
0it [00:00, ?it/s]0it [00:00, ?it/s]
0it [00:00, ?it/s]0it [00:00, ?it/s]
0it [00:00, ?it/s]0it [00:00, ?it/s]
0it [00:00, ?it/s]0it [00:00, ?it/s]
0it [00:00, ?it/s]0it [00:00, ?it/s]
0it [00:00, ?it/s]0it [00:00, ?it/s]
0it [00:00, ?it/s]0it [00:00, ?it/s]
0it [00:00, ?it/s]0it [00:00, ?it/s]
0it [00:00, ?it/s]0it [00:00, ?it/s]
0it [00:00, ?it/s]0it [00:00, ?it/s]
0it [00:00, ?it/s]0it [00:00, ?it/s]
0it [00:00, ?it/s]0it [00:00, ?it/s]
0it [00:00, ?it/s]0it [00:00, ?it/s]
0it [00:00, ?it/s]0it [00:00, ?it/s]
0it [00:00, ?it/s]0it [00:00, ?it/s]
0it [00:00, ?it/s]0it [00:00, ?it/s]
0it [00:00, ?it/s]0it [00:00, ?it/s]
0it [00:00, ?it/s]0it [00:00, ?it/s]
0it [00:00, ?it/s]0it [00:00, ?it/s]
0it [00:00, ?it/s]0it [00:00, ?it/s]
0it [00:00, ?it/s]0it [00:00, ?it/s]
0it [00:00, ?it/s]0it [00:00, ?it/s]
0it [00:00, ?it/s]0it [00:00, ?it/s]
0it [00:00, ?it/s]0it [00:00, ?it/s]
0it [00:00, ?it/s]0it [00:00, ?it/s]
0it [00:00, ?it/s]0it [00:00, ?it/s]
0it [00:00, ?it/s]0it [00:00, ?it/s]
0it [00:00, ?it/s]0it [00:00, ?it/s]
0it [00:00, ?it/s]0it [00:00, ?it/s]
0it [00:00, ?it/s]0it [00:00, ?it/s]
0it [00:00, ?it/s]0it [00:00, ?it/s]
0it [00:00, ?it/s]0it [00:00, ?it/s]
0it [00:00, ?it/s]0it [00:00, ?it/s]
0it [00:00, ?it/s]0it [00:00, ?it/s]
0it [00:00, ?it/s]0it [00:00, ?it/s]
0it [00:00, ?it/s]0it [00:00, ?it/s]
0it [00:00, ?it/s]0it [00:00, ?it/s]
0it [00:00, ?it/s]0it [00:00, ?it/s]
